example/android/app/vivo-Push-SDK-Android-V2.9.0/vivo-Push-SDK-Android-V2.9.0/VivoPushDemo/app/build/intermediates/manifest_merge_blame_file/debug/manifest-merger-blame-debug-report.txt
1<?xml version="1.0" encoding="utf-8"?>
2<manifest xmlns:android="http://schemas.android.com/apk/res/android"
3    package="com.naoxuejia.android.client"
4    android:versionCode="1"
5    android:versionName="1.0" >
6
7    <uses-sdk
8        android:minSdkVersion="23"
8-->src/main/AndroidManifest.xml
9        android:targetSdkVersion="26" />
9-->src/main/AndroidManifest.xml
10
11    <uses-permission android:name="android.permission.INTERNET" />
11-->src/main/AndroidManifest.xml:6:5-67
11-->src/main/AndroidManifest.xml:6:22-64
12
13    <application
13-->src/main/AndroidManifest.xml:8:5-50:19
14        android:allowBackup="false"
14-->src/main/AndroidManifest.xml:9:9-36
15        android:debuggable="true"
16        android:icon="@mipmap/ic_launcher"
16-->src/main/AndroidManifest.xml:10:9-43
17        android:label="@string/app_name"
17-->src/main/AndroidManifest.xml:11:9-41
18        android:supportsRtl="true"
18-->src/main/AndroidManifest.xml:12:9-35
19        android:theme="@style/AppTheme" >
19-->src/main/AndroidManifest.xml:13:9-40
20        <activity android:name="com.vivo.push.sample.MainActivity" >
20-->src/main/AndroidManifest.xml:15:9-21:20
20-->src/main/AndroidManifest.xml:15:19-67
21            <intent-filter>
21-->src/main/AndroidManifest.xml:16:13-20:29
22                <action android:name="android.intent.action.MAIN" />
22-->src/main/AndroidManifest.xml:17:17-69
22-->src/main/AndroidManifest.xml:17:25-66
23
24                <category android:name="android.intent.category.LAUNCHER" />
24-->src/main/AndroidManifest.xml:19:17-77
24-->src/main/AndroidManifest.xml:19:27-74
25            </intent-filter>
26        </activity>
27
28        <service
28-->src/main/AndroidManifest.xml:23:9-25:39
29            android:name="com.vivo.push.sdk.service.CommandClientService"
29-->src/main/AndroidManifest.xml:24:13-74
30            android:exported="true" />
30-->src/main/AndroidManifest.xml:25:13-36
31
32        <activity
32-->src/main/AndroidManifest.xml:26:9-30:75
33            android:name="com.vivo.push.sdk.LinkProxyClientActivity"
33-->src/main/AndroidManifest.xml:27:13-69
34            android:exported="false"
34-->src/main/AndroidManifest.xml:28:13-37
35            android:screenOrientation="portrait"
35-->src/main/AndroidManifest.xml:29:13-49
36            android:theme="@android:style/Theme.Translucent.NoTitleBar" />
36-->src/main/AndroidManifest.xml:30:13-72
37
38        <!-- push应用定义消息receiver声明 -->
39        <receiver android:name="com.vivo.push.sample.PushMessageReceiverImpl" >
39-->src/main/AndroidManifest.xml:33:9-38:20
39-->src/main/AndroidManifest.xml:33:19-78
40            <intent-filter>
40-->src/main/AndroidManifest.xml:34:13-37:29
41
42                <!-- 接收push消息 -->
43                <action android:name="com.vivo.pushclient.action.RECEIVE" />
43-->src/main/AndroidManifest.xml:36:17-77
43-->src/main/AndroidManifest.xml:36:25-74
44            </intent-filter>
45        </receiver>
46
47        <!-- 请替换aaaa为应用在开放平台申请的app_key -->
48        <meta-data
48-->src/main/AndroidManifest.xml:41:9-43:64
49            android:name="com.vivo.push.api_key"
49-->src/main/AndroidManifest.xml:42:13-49
50            android:value="9d3cf4009d9e7ceaa78720ef93e66637" />
50-->src/main/AndroidManifest.xml:43:13-61
51
52        <!-- 请替换bbbb为应用在开放平台申请的app_id -->
53        <meta-data
53-->src/main/AndroidManifest.xml:46:9-48:41
54            android:name="com.vivo.push.app_id"
54-->src/main/AndroidManifest.xml:47:13-48
55            android:value="103908940" />
55-->src/main/AndroidManifest.xml:48:13-38
56    </application>
57
58</manifest>